This file contains any messages produced by compilers while
running configure, to aid debugging if configure makes a mistake.

It was created by matrixgl configure 2.3.1, which was
generated by GNU Autoconf 2.69.  Invocation command line was

  $ ./configure 

## --------- ##
## Platform. ##
## --------- ##

hostname = masterpi
uname -m = armv7l
uname -r = 5.10.17-v7l+
uname -s = Linux
uname -v = #1403 SMP Mon Feb 22 11:33:35 GMT 2021

/usr/bin/uname -p = unknown
/bin/uname -X     = unknown

/bin/arch              = armv7l
/usr/bin/arch -k       = unknown
/usr/convex/getsysinfo = unknown
/usr/bin/hostinfo      = unknown
/bin/machine           = unknown
/usr/bin/oslevel       = unknown
/bin/universe          = unknown

PATH: /usr/local/sbin
PATH: /usr/local/bin
PATH: /usr/sbin
PATH: /usr/bin
PATH: /sbin
PATH: /bin
PATH: /usr/local/games
PATH: /usr/games


## ----------- ##
## Core tests. ##
## ----------- ##

configure:2368: checking for a BSD-compatible install
configure:2436: result: /usr/bin/install -c
configure:2447: checking whether build environment is sane
configure:2497: result: yes
configure:2638: checking for a thread-safe mkdir -p
configure:2677: result: /usr/bin/mkdir -p
configure:2690: checking for gawk
configure:2720: result: no
configure:2690: checking for mawk
configure:2706: found /usr/bin/mawk
configure:2717: result: mawk
configure:2728: checking whether make sets $(MAKE)
configure:2750: result: yes
configure:2885: checking for gcc
configure:2901: found /usr/bin/gcc
configure:2912: result: gcc
configure:3141: checking for C compiler version
configure:3150: gcc --version >&5
gcc (Raspbian 8.3.0-6+rpi1) 8.3.0
Copyright (C) 2018 Free Software Foundation, Inc.
This is free software; see the source for copying conditions.  There is NO
warranty; not even for MERCHANTABILITY or FITNESS FOR A PARTICULAR PURPOSE.

configure:3161: $? = 0
configure:3150: gcc -v >&5
Using built-in specs.
COLLECT_GCC=gcc
COLLECT_LTO_WRAPPER=/usr/lib/gcc/arm-linux-gnueabihf/8/lto-wrapper
Target: arm-linux-gnueabihf
Configured with: ../src/configure -v --with-pkgversion='Raspbian 8.3.0-6+rpi1' --with-bugurl=file:///usr/share/doc/gcc-8/README.Bugs --enable-languages=c,ada,c++,go,d,fortran,objc,obj-c++ --prefix=/usr --with-gcc-major-version-only --program-suffix=-8 --program-prefix=arm-linux-gnueabihf- --enable-shared --enable-linker-build-id --libexecdir=/usr/lib --without-included-gettext --enable-threads=posix --libdir=/usr/lib --enable-nls --enable-bootstrap --enable-clocale=gnu --enable-libstdcxx-debug --enable-libstdcxx-time=yes --with-default-libstdcxx-abi=new --enable-gnu-unique-object --disable-libitm --disable-libquadmath --disable-libquadmath-support --enable-plugin --with-system-zlib --with-target-system-zlib --enable-objc-gc=auto --enable-multiarch --disable-sjlj-exceptions --with-arch=armv6 --with-fpu=vfp --with-float=hard --disable-werror --enable-checking=release --build=arm-linux-gnueabihf --host=arm-linux-gnueabihf --target=arm-linux-gnueabihf
Thread model: posix
gcc version 8.3.0 (Raspbian 8.3.0-6+rpi1) 
configure:3161: $? = 0
configure:3150: gcc -V >&5
gcc: error: unrecognized command line option '-V'
gcc: fatal error: no input files
compilation terminated.
configure:3161: $? = 1
configure:3150: gcc -qversion >&5
gcc: error: unrecognized command line option '-qversion'; did you mean '--version'?
gcc: fatal error: no input files
compilation terminated.
configure:3161: $? = 1
configure:3181: checking whether the C compiler works
configure:3203: gcc    conftest.c  >&5
configure:3207: $? = 0
configure:3255: result: yes
configure:3258: checking for C compiler default output file name
configure:3260: result: a.out
configure:3266: checking for suffix of executables
configure:3273: gcc -o conftest    conftest.c  >&5
configure:3277: $? = 0
configure:3299: result: 
configure:3321: checking whether we are cross compiling
configure:3329: gcc -o conftest    conftest.c  >&5
configure:3333: $? = 0
configure:3340: ./conftest
configure:3344: $? = 0
configure:3332: result: no
configure:3337: checking for suffix of object files
configure:3359: gcc -c   conftest.c >&5
configure:3363: $? = 0
configure:3384: result: o
configure:3388: checking whether we are using the GNU C compiler
configure:3407: gcc -c   conftest.c >&5
configure:3407: $? = 0
configure:3416: result: yes
configure:3425: checking whether gcc accepts -g
configure:3445: gcc -c -g  conftest.c >&5
configure:3445: $? = 0
configure:3486: result: yes
configure:3503: checking for gcc option to accept ISO C89
configure:3566: gcc  -c -g -O2  conftest.c >&5
configure:3566: $? = 0
configure:3579: result: none needed
configure:3610: checking for style of include used by make
configure:3638: result: GNU
configure:3664: checking dependency style of gcc
configure:3775: result: gcc3
configure:3791: checking whether gcc and cc understand -c and -o together
configure:3822: gcc -c conftest.c -o conftest2.o >&5
configure:3826: $? = 0
configure:3832: gcc -c conftest.c -o conftest2.o >&5
configure:3836: $? = 0
configure:3847: cc -c conftest.c >&5
configure:3851: $? = 0
configure:3859: cc -c conftest.c -o conftest2.o >&5
configure:3863: $? = 0
configure:3869: cc -c conftest.c -o conftest2.o >&5
configure:3873: $? = 0
configure:3891: result: yes
configure:3917: checking whether make sets $(MAKE)
configure:3939: result: yes
configure:4007: checking for g++
configure:4023: found /usr/bin/g++
configure:4034: result: g++
configure:4061: checking for C++ compiler version
configure:4070: g++ --version >&5
g++ (Raspbian 8.3.0-6+rpi1) 8.3.0
Copyright (C) 2018 Free Software Foundation, Inc.
This is free software; see the source for copying conditions.  There is NO
warranty; not even for MERCHANTABILITY or FITNESS FOR A PARTICULAR PURPOSE.

configure:4081: $? = 0
configure:4070: g++ -v >&5
Using built-in specs.
COLLECT_GCC=g++
COLLECT_LTO_WRAPPER=/usr/lib/gcc/arm-linux-gnueabihf/8/lto-wrapper
Target: arm-linux-gnueabihf
Configured with: ../src/configure -v --with-pkgversion='Raspbian 8.3.0-6+rpi1' --with-bugurl=file:///usr/share/doc/gcc-8/README.Bugs --enable-languages=c,ada,c++,go,d,fortran,objc,obj-c++ --prefix=/usr --with-gcc-major-version-only --program-suffix=-8 --program-prefix=arm-linux-gnueabihf- --enable-shared --enable-linker-build-id --libexecdir=/usr/lib --without-included-gettext --enable-threads=posix --libdir=/usr/lib --enable-nls --enable-bootstrap --enable-clocale=gnu --enable-libstdcxx-debug --enable-libstdcxx-time=yes --with-default-libstdcxx-abi=new --enable-gnu-unique-object --disable-libitm --disable-libquadmath --disable-libquadmath-support --enable-plugin --with-system-zlib --with-target-system-zlib --enable-objc-gc=auto --enable-multiarch --disable-sjlj-exceptions --with-arch=armv6 --with-fpu=vfp --with-float=hard --disable-werror --enable-checking=release --build=arm-linux-gnueabihf --host=arm-linux-gnueabihf --target=arm-linux-gnueabihf
Thread model: posix
gcc version 8.3.0 (Raspbian 8.3.0-6+rpi1) 
configure:4081: $? = 0
configure:4070: g++ -V >&5
g++: error: unrecognized command line option '-V'
g++: fatal error: no input files
compilation terminated.
configure:4081: $? = 1
configure:4070: g++ -qversion >&5
g++: error: unrecognized command line option '-qversion'; did you mean '--version'?
g++: fatal error: no input files
compilation terminated.
configure:4081: $? = 1
configure:4085: checking whether we are using the GNU C++ compiler
configure:4104: g++ -c   conftest.cpp >&5
configure:4104: $? = 0
configure:4113: result: yes
configure:4122: checking whether g++ accepts -g
configure:4142: g++ -c -g  conftest.cpp >&5
configure:4142: $? = 0
configure:4183: result: yes
configure:4208: checking dependency style of g++
configure:4319: result: gcc3
configure:4350: checking how to run the C preprocessor
configure:4381: gcc -E  conftest.c
configure:4381: $? = 0
configure:4395: gcc -E  conftest.c
conftest.c:11:10: fatal error: ac_nonexistent.h: No such file or directory
 #include <ac_nonexistent.h>
          ^~~~~~~~~~~~~~~~~~
compilation terminated.
configure:4395: $? = 1
configure: failed program was:
| /* confdefs.h */
| #define PACKAGE_NAME "matrixgl"
| #define PACKAGE_TARNAME "matrixgl"
| #define PACKAGE_VERSION "2.3.1"
| #define PACKAGE_STRING "matrixgl 2.3.1"
| #define PACKAGE_BUGREPORT "vincent@doublecreations.com"
| #define PACKAGE_URL ""
| #define PACKAGE "matrixgl"
| #define VERSION "2.3.1"
| /* end confdefs.h.  */
| #include <ac_nonexistent.h>
configure:4420: result: gcc -E
configure:4440: gcc -E  conftest.c
configure:4440: $? = 0
configure:4454: gcc -E  conftest.c
conftest.c:11:10: fatal error: ac_nonexistent.h: No such file or directory
 #include <ac_nonexistent.h>
          ^~~~~~~~~~~~~~~~~~
compilation terminated.
configure:4454: $? = 1
configure: failed program was:
| /* confdefs.h */
| #define PACKAGE_NAME "matrixgl"
| #define PACKAGE_TARNAME "matrixgl"
| #define PACKAGE_VERSION "2.3.1"
| #define PACKAGE_STRING "matrixgl 2.3.1"
| #define PACKAGE_BUGREPORT "vincent@doublecreations.com"
| #define PACKAGE_URL ""
| #define PACKAGE "matrixgl"
| #define VERSION "2.3.1"
| /* end confdefs.h.  */
| #include <ac_nonexistent.h>
configure:4483: checking for grep that handles long lines and -e
configure:4541: result: /usr/bin/grep
configure:4546: checking for egrep
configure:4608: result: /usr/bin/grep -E
configure:4613: checking for ANSI C header files
configure:4633: gcc -c -g -O2  conftest.c >&5
configure:4633: $? = 0
configure:4706: gcc -o conftest -g -O2   conftest.c  >&5
configure:4706: $? = 0
configure:4706: ./conftest
configure:4706: $? = 0
configure:4717: result: yes
configure:4731: checking for sys/types.h
configure:4731: gcc -c -g -O2  conftest.c >&5
configure:4731: $? = 0
configure:4731: result: yes
configure:4731: checking for sys/stat.h
configure:4731: gcc -c -g -O2  conftest.c >&5
configure:4731: $? = 0
configure:4731: result: yes
configure:4731: checking for stdlib.h
configure:4731: gcc -c -g -O2  conftest.c >&5
configure:4731: $? = 0
configure:4731: result: yes
configure:4731: checking for string.h
configure:4731: gcc -c -g -O2  conftest.c >&5
configure:4731: $? = 0
configure:4731: result: yes
configure:4731: checking for memory.h
configure:4731: gcc -c -g -O2  conftest.c >&5
configure:4731: $? = 0
configure:4731: result: yes
configure:4731: checking for strings.h
configure:4731: gcc -c -g -O2  conftest.c >&5
configure:4731: $? = 0
configure:4731: result: yes
configure:4731: checking for inttypes.h
configure:4731: gcc -c -g -O2  conftest.c >&5
configure:4731: $? = 0
configure:4731: result: yes
configure:4731: checking for stdint.h
configure:4731: gcc -c -g -O2  conftest.c >&5
configure:4731: $? = 0
configure:4731: result: yes
configure:4731: checking for unistd.h
configure:4731: gcc -c -g -O2  conftest.c >&5
configure:4731: $? = 0
configure:4731: result: yes
configure:4743: checking for size_t
configure:4743: gcc -c -g -O2  conftest.c >&5
configure:4743: $? = 0
configure:4743: gcc -c -g -O2  conftest.c >&5
conftest.c: In function 'main':
conftest.c:57:21: error: expected expression before ')' token
 if (sizeof ((size_t)))
                     ^
configure:4743: $? = 1
configure: failed program was:
| /* confdefs.h */
| #define PACKAGE_NAME "matrixgl"
| #define PACKAGE_TARNAME "matrixgl"
| #define PACKAGE_VERSION "2.3.1"
| #define PACKAGE_STRING "matrixgl 2.3.1"
| #define PACKAGE_BUGREPORT "vincent@doublecreations.com"
| #define PACKAGE_URL ""
| #define PACKAGE "matrixgl"
| #define VERSION "2.3.1"
| #define STDC_HEADERS 1
| #define HAVE_SYS_TYPES_H 1
| #define HAVE_SYS_STAT_H 1
| #define HAVE_STDLIB_H 1
| #define HAVE_STRING_H 1
| #define HAVE_MEMORY_H 1
| #define HAVE_STRINGS_H 1
| #define HAVE_INTTYPES_H 1
| #define HAVE_STDINT_H 1
| #define HAVE_UNISTD_H 1
| /* end confdefs.h.  */
| #include <stdio.h>
| #ifdef HAVE_SYS_TYPES_H
| # include <sys/types.h>
| #endif
| #ifdef HAVE_SYS_STAT_H
| # include <sys/stat.h>
| #endif
| #ifdef STDC_HEADERS
| # include <stdlib.h>
| # include <stddef.h>
| #else
| # ifdef HAVE_STDLIB_H
| #  include <stdlib.h>
| # endif
| #endif
| #ifdef HAVE_STRING_H
| # if !defined STDC_HEADERS && defined HAVE_MEMORY_H
| #  include <memory.h>
| # endif
| # include <string.h>
| #endif
| #ifdef HAVE_STRINGS_H
| # include <strings.h>
| #endif
| #ifdef HAVE_INTTYPES_H
| # include <inttypes.h>
| #endif
| #ifdef HAVE_STDINT_H
| # include <stdint.h>
| #endif
| #ifdef HAVE_UNISTD_H
| # include <unistd.h>
| #endif
| int
| main ()
| {
| if (sizeof ((size_t)))
| 	    return 0;
|   ;
|   return 0;
| }
configure:4743: result: yes
configure:4756: checking for stdlib.h
configure:4756: result: yes
configure:4766: checking for GNU libc compatible malloc
configure:4790: gcc -o conftest -g -O2   conftest.c  >&5
configure:4790: $? = 0
configure:4790: ./conftest
configure:4790: $? = 0
configure:4800: result: yes
configure:4823: checking for memset
configure:4823: gcc -o conftest -g -O2   conftest.c  >&5
conftest.c:46:6: warning: conflicting types for built-in function 'memset' [-Wbuiltin-declaration-mismatch]
 char memset ();
      ^~~~~~
configure:4823: $? = 0
configure:4823: result: yes
configure:4834: checking for X
configure:4942: gcc -E  conftest.c
configure:4942: $? = 0
configure:4973: gcc -o conftest -g -O2   conftest.c -lX11  >&5
configure:4973: $? = 0
configure:5023: result: libraries , headers 
configure:5043: checking build system type
configure:5057: result: armv7l-unknown-linux-gnueabi
configure:5077: checking host system type
configure:5090: result: armv7l-unknown-linux-gnueabi
configure:5110: checking for a sed that does not truncate output
configure:5174: result: /usr/bin/sed
configure:5204: checking GL/gl.h usability
configure:5204: gcc -c -g -O2   conftest.c >&5
configure:5204: $? = 0
configure:5204: result: yes
configure:5204: checking GL/gl.h presence
configure:5204: gcc -E   conftest.c
configure:5204: $? = 0
configure:5204: result: yes
configure:5204: checking for GL/gl.h
configure:5204: result: yes
configure:5218: checking for OpenGL library
configure:5252: gcc -o conftest -g -O2    conftest.c -lopengl32   >&5
/usr/bin/ld: cannot find -lopengl32
collect2: error: ld returned 1 exit status
configure:5252: $? = 1
configure: failed program was:
| /* confdefs.h */
| #define PACKAGE_NAME "matrixgl"
| #define PACKAGE_TARNAME "matrixgl"
| #define PACKAGE_VERSION "2.3.1"
| #define PACKAGE_STRING "matrixgl 2.3.1"
| #define PACKAGE_BUGREPORT "vincent@doublecreations.com"
| #define PACKAGE_URL ""
| #define PACKAGE "matrixgl"
| #define VERSION "2.3.1"
| #define STDC_HEADERS 1
| #define HAVE_SYS_TYPES_H 1
| #define HAVE_SYS_STAT_H 1
| #define HAVE_STDLIB_H 1
| #define HAVE_STRING_H 1
| #define HAVE_MEMORY_H 1
| #define HAVE_STRINGS_H 1
| #define HAVE_INTTYPES_H 1
| #define HAVE_STDINT_H 1
| #define HAVE_UNISTD_H 1
| #define HAVE_STDLIB_H 1
| #define HAVE_MALLOC 1
| #define HAVE_MEMSET 1
| #define HAVE_GL_GL_H 1
| /* end confdefs.h.  */
| 
| # ifdef HAVE_GL_GL_H
| #   include <GL/gl.h>
| # else
| #   error no gl.h
| # endif
| int
| main ()
| {
| glBegin(0)
|   ;
|   return 0;
| }
configure:5272: gcc -o conftest -g -O2    conftest.c -lopengl32 -L/usr/lib/nvidia   >&5
/usr/bin/ld: cannot find -lopengl32
collect2: error: ld returned 1 exit status
configure:5272: $? = 1
configure: failed program was:
| /* confdefs.h */
| #define PACKAGE_NAME "matrixgl"
| #define PACKAGE_TARNAME "matrixgl"
| #define PACKAGE_VERSION "2.3.1"
| #define PACKAGE_STRING "matrixgl 2.3.1"
| #define PACKAGE_BUGREPORT "vincent@doublecreations.com"
| #define PACKAGE_URL ""
| #define PACKAGE "matrixgl"
| #define VERSION "2.3.1"
| #define STDC_HEADERS 1
| #define HAVE_SYS_TYPES_H 1
| #define HAVE_SYS_STAT_H 1
| #define HAVE_STDLIB_H 1
| #define HAVE_STRING_H 1
| #define HAVE_MEMORY_H 1
| #define HAVE_STRINGS_H 1
| #define HAVE_INTTYPES_H 1
| #define HAVE_STDINT_H 1
| #define HAVE_UNISTD_H 1
| #define HAVE_STDLIB_H 1
| #define HAVE_MALLOC 1
| #define HAVE_MEMSET 1
| #define HAVE_GL_GL_H 1
| /* end confdefs.h.  */
| 
| # ifdef HAVE_GL_GL_H
| #   include <GL/gl.h>
| # else
| #   error no gl.h
| # endif
| int
| main ()
| {
| glBegin(0)
|   ;
|   return 0;
| }
configure:5292: gcc -o conftest -g -O2    conftest.c -lopengl32   >&5
/usr/bin/ld: cannot find -lopengl32
collect2: error: ld returned 1 exit status
configure:5292: $? = 1
configure: failed program was:
| /* confdefs.h */
| #define PACKAGE_NAME "matrixgl"
| #define PACKAGE_TARNAME "matrixgl"
| #define PACKAGE_VERSION "2.3.1"
| #define PACKAGE_STRING "matrixgl 2.3.1"
| #define PACKAGE_BUGREPORT "vincent@doublecreations.com"
| #define PACKAGE_URL ""
| #define PACKAGE "matrixgl"
| #define VERSION "2.3.1"
| #define STDC_HEADERS 1
| #define HAVE_SYS_TYPES_H 1
| #define HAVE_SYS_STAT_H 1
| #define HAVE_STDLIB_H 1
| #define HAVE_STRING_H 1
| #define HAVE_MEMORY_H 1
| #define HAVE_STRINGS_H 1
| #define HAVE_INTTYPES_H 1
| #define HAVE_STDINT_H 1
| #define HAVE_UNISTD_H 1
| #define HAVE_STDLIB_H 1
| #define HAVE_MALLOC 1
| #define HAVE_MEMSET 1
| #define HAVE_GL_GL_H 1
| /* end confdefs.h.  */
| 
| # ifdef HAVE_GL_GL_H
| #   include <GL/gl.h>
| # else
| #   error no gl.h
| # endif
| int
| main ()
| {
| glBegin(0)
|   ;
|   return 0;
| }
configure:5252: gcc -o conftest -g -O2    conftest.c -lGL   >&5
configure:5252: $? = 0
configure:5333: result: -lGL
configure:5358: checking GL/glu.h usability
configure:5358: gcc -c -g -O2   conftest.c >&5
configure:5358: $? = 0
configure:5358: result: yes
configure:5358: checking GL/glu.h presence
configure:5358: gcc -E   conftest.c
configure:5358: $? = 0
configure:5358: result: yes
configure:5358: checking for GL/glu.h
configure:5358: result: yes
configure:5372: checking for OpenGL Utility library
configure:5415: g++ -o conftest -g -O2    conftest.cpp -lGL   >&5
/usr/bin/ld: /tmp/ccmIO3jU.o: in function `main':
/xtra/src/hellgl-0.9.5/conftest.cpp:35: undefined reference to `gluBeginCurve'
collect2: error: ld returned 1 exit status
configure:5415: $? = 1
configure: failed program was:
| /* confdefs.h */
| #define PACKAGE_NAME "matrixgl"
| #define PACKAGE_TARNAME "matrixgl"
| #define PACKAGE_VERSION "2.3.1"
| #define PACKAGE_STRING "matrixgl 2.3.1"
| #define PACKAGE_BUGREPORT "vincent@doublecreations.com"
| #define PACKAGE_URL ""
| #define PACKAGE "matrixgl"
| #define VERSION "2.3.1"
| #define STDC_HEADERS 1
| #define HAVE_SYS_TYPES_H 1
| #define HAVE_SYS_STAT_H 1
| #define HAVE_STDLIB_H 1
| #define HAVE_STRING_H 1
| #define HAVE_MEMORY_H 1
| #define HAVE_STRINGS_H 1
| #define HAVE_INTTYPES_H 1
| #define HAVE_STDINT_H 1
| #define HAVE_UNISTD_H 1
| #define HAVE_STDLIB_H 1
| #define HAVE_MALLOC 1
| #define HAVE_MEMSET 1
| #define HAVE_GL_GL_H 1
| #define HAVE_GL_GLU_H 1
| /* end confdefs.h.  */
| 
| # ifdef HAVE_GL_GLU_H
| #   include <GL/glu.h>
| # else
| #   error no glu.h
| # endif
| int
| main ()
| {
| gluBeginCurve(0)
|   ;
|   return 0;
| }
configure:5443: g++ -o conftest -g -O2    conftest.cpp -lglu32 -lGL   >&5
/usr/bin/ld: cannot find -lglu32
collect2: error: ld returned 1 exit status
configure:5443: $? = 1
configure: failed program was:
| /* confdefs.h */
| #define PACKAGE_NAME "matrixgl"
| #define PACKAGE_TARNAME "matrixgl"
| #define PACKAGE_VERSION "2.3.1"
| #define PACKAGE_STRING "matrixgl 2.3.1"
| #define PACKAGE_BUGREPORT "vincent@doublecreations.com"
| #define PACKAGE_URL ""
| #define PACKAGE "matrixgl"
| #define VERSION "2.3.1"
| #define STDC_HEADERS 1
| #define HAVE_SYS_TYPES_H 1
| #define HAVE_SYS_STAT_H 1
| #define HAVE_STDLIB_H 1
| #define HAVE_STRING_H 1
| #define HAVE_MEMORY_H 1
| #define HAVE_STRINGS_H 1
| #define HAVE_INTTYPES_H 1
| #define HAVE_STDINT_H 1
| #define HAVE_UNISTD_H 1
| #define HAVE_STDLIB_H 1
| #define HAVE_MALLOC 1
| #define HAVE_MEMSET 1
| #define HAVE_GL_GL_H 1
| #define HAVE_GL_GLU_H 1
| /* end confdefs.h.  */
| 
| # ifdef HAVE_GL_GLU_H
| #   include <GL/glu.h>
| # else
| #   error no glu.h
| # endif
| int
| main ()
| {
| gluBeginCurve(0)
|   ;
|   return 0;
| }
configure:5443: g++ -o conftest -g -O2    conftest.cpp -lGLU -lGL   >&5
configure:5443: $? = 0
configure:5462: result: -lGLU
configure:5716: creating ./config.status

## ---------------------- ##
## Running config.status. ##
## ---------------------- ##

This file was extended by matrixgl config.status 2.3.1, which was
generated by GNU Autoconf 2.69.  Invocation command line was

  CONFIG_FILES    = 
  CONFIG_HEADERS  = 
  CONFIG_LINKS    = 
  CONFIG_COMMANDS = 
  $ ./config.status 

on masterpi

config.status:878: creating Makefile
config.status:878: creating src/Makefile
config.status:878: creating src/config.h
config.status:1107: executing depfiles commands

## ---------------- ##
## Cache variables. ##
## ---------------- ##

ac_cv_build=armv7l-unknown-linux-gnueabi
ac_cv_c_compiler_gnu=yes
ac_cv_cxx_compiler_gnu=yes
ac_cv_env_CCC_set=
ac_cv_env_CCC_value=
ac_cv_env_CC_set=
ac_cv_env_CC_value=
ac_cv_env_CFLAGS_set=
ac_cv_env_CFLAGS_value=
ac_cv_env_CPPFLAGS_set=
ac_cv_env_CPPFLAGS_value=
ac_cv_env_CPP_set=
ac_cv_env_CPP_value=
ac_cv_env_CXXFLAGS_set=
ac_cv_env_CXXFLAGS_value=
ac_cv_env_CXX_set=
ac_cv_env_CXX_value=
ac_cv_env_LDFLAGS_set=
ac_cv_env_LDFLAGS_value=
ac_cv_env_LIBS_set=
ac_cv_env_LIBS_value=
ac_cv_env_XMKMF_set=
ac_cv_env_XMKMF_value=
ac_cv_env_build_alias_set=
ac_cv_env_build_alias_value=
ac_cv_env_host_alias_set=
ac_cv_env_host_alias_value=
ac_cv_env_target_alias_set=
ac_cv_env_target_alias_value=
ac_cv_func_malloc_0_nonnull=yes
ac_cv_func_memset=yes
ac_cv_have_x='have_x=yes	ac_x_includes='\'''\''	ac_x_libraries='\'''\'''
ac_cv_header_GL_gl_h=yes
ac_cv_header_GL_glu_h=yes
ac_cv_header_inttypes_h=yes
ac_cv_header_memory_h=yes
ac_cv_header_stdc=yes
ac_cv_header_stdint_h=yes
ac_cv_header_stdlib_h=yes
ac_cv_header_string_h=yes
ac_cv_header_strings_h=yes
ac_cv_header_sys_stat_h=yes
ac_cv_header_sys_types_h=yes
ac_cv_header_unistd_h=yes
ac_cv_host=armv7l-unknown-linux-gnueabi
ac_cv_objext=o
ac_cv_path_EGREP='/usr/bin/grep -E'
ac_cv_path_GREP=/usr/bin/grep
ac_cv_path_SED=/usr/bin/sed
ac_cv_path_install='/usr/bin/install -c'
ac_cv_path_mkdir=/usr/bin/mkdir
ac_cv_prog_AWK=mawk
ac_cv_prog_CPP='gcc -E'
ac_cv_prog_ac_ct_CC=gcc
ac_cv_prog_ac_ct_CXX=g++
ac_cv_prog_cc_c89=
ac_cv_prog_cc_g=yes
ac_cv_prog_cc_gcc_c_o=yes
ac_cv_prog_cxx_g=yes
ac_cv_prog_make_make_set=yes
ac_cv_type_size_t=yes
am_cv_CC_dependencies_compiler_type=gcc3
am_cv_CXX_dependencies_compiler_type=gcc3
ax_cv_check_gl_libgl=-lGL
ax_cv_check_glu_libglu=-lGLU

## ----------------- ##
## Output variables. ##
## ----------------- ##

ACLOCAL='${SHELL} /xtra/src/hellgl-0.9.5/build/missing --run aclocal-1.11'
AMDEPBACKSLASH='\'
AMDEP_FALSE='#'
AMDEP_TRUE=''
AMTAR='$${TAR-tar}'
AUTOCONF='${SHELL} /xtra/src/hellgl-0.9.5/build/missing --run autoconf'
AUTOHEADER='${SHELL} /xtra/src/hellgl-0.9.5/build/missing --run autoheader'
AUTOMAKE='${SHELL} /xtra/src/hellgl-0.9.5/build/missing --run automake-1.11'
AWK='mawk'
CC='gcc'
CCDEPMODE='depmode=gcc3'
CFLAGS='-g -O2'
CPP='gcc -E'
CPPFLAGS=''
CXX='g++'
CXXDEPMODE='depmode=gcc3'
CXXFLAGS='-g -O2'
CYGPATH_W='echo'
DEFS='-DHAVE_CONFIG_H'
DEPDIR='.deps'
ECHO_C=''
ECHO_N='-n'
ECHO_T=''
EGREP='/usr/bin/grep -E'
EXEEXT=''
GLU_CFLAGS=''
GLU_LIBS='-lGLU -lGL '
GL_CFLAGS=''
GL_LIBS='-lGL '
GREP='/usr/bin/grep'
INSTALL_DATA='${INSTALL} -m 644'
INSTALL_PROGRAM='${INSTALL}'
INSTALL_SCRIPT='${INSTALL}'
INSTALL_STRIP_PROGRAM='$(install_sh) -c -s'
LDFLAGS=''
LIBOBJS=''
LIBS=''
LTLIBOBJS=''
MAKEINFO='${SHELL} /xtra/src/hellgl-0.9.5/build/missing --run makeinfo'
MKDIR_P='/usr/bin/mkdir -p'
OBJEXT='o'
PACKAGE='matrixgl'
PACKAGE_BUGREPORT='vincent@doublecreations.com'
PACKAGE_NAME='matrixgl'
PACKAGE_STRING='matrixgl 2.3.1'
PACKAGE_TARNAME='matrixgl'
PACKAGE_URL=''
PACKAGE_VERSION='2.3.1'
PATH_SEPARATOR=':'
SED='/usr/bin/sed'
SET_MAKE=''
SHELL='/bin/bash'
STRIP=''
USE_XSCREENSAVER_FALSE='#'
USE_XSCREENSAVER_TRUE=''
VERSION='2.3.1'
XMKMF=''
XSS_CONF='/usr/share/xscreensaver/config'
XSS_HACKS='/usr/lib/xscreensaver'
ac_ct_CC='gcc'
ac_ct_CXX='g++'
am__EXEEXT_FALSE=''
am__EXEEXT_TRUE='#'
am__fastdepCC_FALSE='#'
am__fastdepCC_TRUE=''
am__fastdepCXX_FALSE='#'
am__fastdepCXX_TRUE=''
am__include='include'
am__isrc=''
am__leading_dot='.'
am__nodep='_no'
am__quote=''
am__tar='$${TAR-tar} chof - "$$tardir"'
am__untar='$${TAR-tar} xf -'
bindir='${exec_prefix}/bin'
build='armv7l-unknown-linux-gnueabi'
build_alias=''
build_cpu='armv7l'
build_os='linux-gnueabi'
build_vendor='unknown'
datadir='${datarootdir}'
datarootdir='${prefix}/share'
docdir='${datarootdir}/doc/${PACKAGE_TARNAME}'
dvidir='${docdir}'
exec_prefix='${prefix}'
host='armv7l-unknown-linux-gnueabi'
host_alias=''
host_cpu='armv7l'
host_os='linux-gnueabi'
host_vendor='unknown'
htmldir='${docdir}'
includedir='${prefix}/include'
infodir='${datarootdir}/info'
install_sh='${SHELL} /xtra/src/hellgl-0.9.5/build/install-sh'
libdir='${exec_prefix}/lib'
libexecdir='${exec_prefix}/libexec'
localedir='${datarootdir}/locale'
localstatedir='${prefix}/var'
mandir='${datarootdir}/man'
mkdir_p='/usr/bin/mkdir -p'
oldincludedir='/usr/include'
pdfdir='${docdir}'
prefix='/usr'
program_transform_name='s,x,x,'
psdir='${docdir}'
sbindir='${exec_prefix}/sbin'
sharedstatedir='${prefix}/com'
sysconfdir='${prefix}/etc'
target_alias=''
x_includes=''
x_libraries=''

## ----------- ##
## confdefs.h. ##
## ----------- ##

/* confdefs.h */
#define PACKAGE_NAME "matrixgl"
#define PACKAGE_TARNAME "matrixgl"
#define PACKAGE_VERSION "2.3.1"
#define PACKAGE_STRING "matrixgl 2.3.1"
#define PACKAGE_BUGREPORT "vincent@doublecreations.com"
#define PACKAGE_URL ""
#define PACKAGE "matrixgl"
#define VERSION "2.3.1"
#define STDC_HEADERS 1
#define HAVE_SYS_TYPES_H 1
#define HAVE_SYS_STAT_H 1
#define HAVE_STDLIB_H 1
#define HAVE_STRING_H 1
#define HAVE_MEMORY_H 1
#define HAVE_STRINGS_H 1
#define HAVE_INTTYPES_H 1
#define HAVE_STDINT_H 1
#define HAVE_UNISTD_H 1
#define HAVE_STDLIB_H 1
#define HAVE_MALLOC 1
#define HAVE_MEMSET 1
#define HAVE_GL_GL_H 1
#define HAVE_GL_GLU_H 1
#define XSCREENSAVER_HACKS_DIR "/usr/lib/xscreensaver"
#define XSCREENSAVER_CONFIG_DIR "/usr/share/xscreensaver/config"

configure: exit 0
